> Task :compileJava
> Task :processResources UP-TO-DATE
> Task :classes
> Task :resolveMainClassName

> Task :bootRun

  .   ____          _            __ _ _
 /\\ / ___'_ __ _ _(_)_ __  __ _ \ \ \ \
( ( )\___ | '_ | '_| | '_ \/ _` | \ \ \ \
 \\/  ___)| |_)| | | | | || (_| |  ) ) ) )
  '  |____| .__|_| |_|_| |_\__, | / / / /
 =========|_|==============|___/=/_/_/_/

 :: Spring Boot ::                (v3.5.3)

2025-08-01T12:43:05.006+09:00  INFO 43919 --- [dogmeeting] [           main] c.e.dogmeeting.DogmeetingApplication     : Starting DogmeetingApplication using Java 21 with PID 43919 (/Users/kang-hyunuk/Documents/GitHub/dogdate-pokssak-server/build/classes/java/main started by kang-hyunuk in /Users/kang-hyunuk/Documents/GitHub/dogdate-pokssak-server)
2025-08-01T12:43:05.007+09:00  INFO 43919 --- [dogmeeting] [           main] c.e.dogmeeting.DogmeetingApplication     : No active profile set, falling back to 1 default profile: "default"
2025-08-01T12:43:05.341+09:00  INFO 43919 --- [dogmeeting] [           main] .s.d.r.c.RepositoryConfigurationDelegate : Bootstrapping Spring Data JPA repositories in DEFAULT mode.
2025-08-01T12:43:05.373+09:00  INFO 43919 --- [dogmeeting] [           main] .s.d.r.c.RepositoryConfigurationDelegate : Finished Spring Data repository scanning in 28 ms. Found 8 JPA repository interfaces.
2025-08-01T12:43:05.638+09:00  INFO 43919 --- [dogmeeting] [           main] o.s.b.w.embedded.tomcat.TomcatWebServer  : Tomcat initialized with port 8080 (http)
2025-08-01T12:43:05.647+09:00  INFO 43919 --- [dogmeeting] [           main] o.apache.catalina.core.StandardService   : Starting service [Tomcat]
2025-08-01T12:43:05.647+09:00  INFO 43919 --- [dogmeeting] [           main] o.apache.catalina.core.StandardEngine    : Starting Servlet engine: [Apache Tomcat/10.1.42]
2025-08-01T12:43:05.671+09:00  INFO 43919 --- [dogmeeting] [           main] o.a.c.c.C.[Tomcat].[localhost].[/]       : Initializing Spring embedded WebApplicationContext
2025-08-01T12:43:05.671+09:00  INFO 43919 --- [dogmeeting] [           main] w.s.c.ServletWebServerApplicationContext : Root WebApplicationContext: initialization completed in 647 ms
2025-08-01T12:43:05.743+09:00  INFO 43919 --- [dogmeeting] [           main] o.hibernate.jpa.internal.util.LogHelper  : HHH000204: Processing PersistenceUnitInfo [name: default]
2025-08-01T12:43:05.774+09:00  INFO 43919 --- [dogmeeting] [           main] org.hibernate.Version                    : HHH000412: Hibernate ORM core version 6.6.18.Final
2025-08-01T12:43:05.789+09:00  INFO 43919 --- [dogmeeting] [           main] o.h.c.internal.RegionFactoryInitiator    : HHH000026: Second-level cache disabled
2025-08-01T12:43:05.919+09:00  INFO 43919 --- [dogmeeting] [           main] o.s.o.j.p.SpringPersistenceUnitInfo      : No LoadTimeWeaver setup: ignoring JPA class transformer
2025-08-01T12:43:05.935+09:00  INFO 43919 --- [dogmeeting] [           main] com.zaxxer.hikari.HikariDataSource       : HikariPool-1 - Starting...
2025-08-01T12:43:06.059+09:00  INFO 43919 --- [dogmeeting] [           main] com.zaxxer.hikari.pool.HikariPool        : HikariPool-1 - Added connection com.mysql.cj.jdbc.ConnectionImpl@d4ecdb0
2025-08-01T12:43:06.061+09:00  INFO 43919 --- [dogmeeting] [           main] com.zaxxer.hikari.HikariDataSource       : HikariPool-1 - Start completed.
2025-08-01T12:43:06.113+09:00  INFO 43919 --- [dogmeeting] [           main] org.hibernate.orm.connections.pooling    : HHH10001005: Database info:
	Database JDBC URL [Connecting through datasource 'HikariDataSource (HikariPool-1)']
	Database driver: undefined/unknown
	Database version: 9.3
	Autocommit mode: undefined/unknown
	Isolation level: undefined/unknown
	Minimum pool size: undefined/unknown
	Maximum pool size: undefined/unknown
2025-08-01T12:43:06.571+09:00  INFO 43919 --- [dogmeeting] [           main] o.h.e.t.j.p.i.JtaPlatformInitiator       : HHH000489: No JTA platform available (set 'hibernate.transaction.jta.platform' to enable JTA platform integration)
2025-08-01T12:43:06.646+09:00  INFO 43919 --- [dogmeeting] [           main] j.LocalContainerEntityManagerFactoryBean : Initialized JPA EntityManagerFactory for persistence unit 'default'
2025-08-01T12:43:06.839+09:00  INFO 43919 --- [dogmeeting] [           main] o.s.d.j.r.query.QueryEnhancerFactory     : Hibernate is in classpath; If applicable, HQL parser will be used.
2025-08-01T12:43:07.707+09:00  WARN 43919 --- [dogmeeting] [           main] JpaBaseConfiguration$JpaWebConfiguration : spring.jpa.open-in-view is enabled by default. Therefore, database queries may be performed during view rendering. Explicitly configure spring.jpa.open-in-view to disable this warning
2025-08-01T12:43:07.821+09:00  WARN 43919 --- [dogmeeting] [           main] .s.s.UserDetailsServiceAutoConfiguration : 

Using generated security password: 78df6d60-04ea-4ec7-934e-afc14fbc4c7d

This generated password is for development use only. Your security configuration must be updated before running your application in production.

2025-08-01T12:43:07.825+09:00  INFO 43919 --- [dogmeeting] [           main] r$InitializeUserDetailsManagerConfigurer : Global AuthenticationManager configured with UserDetailsService bean with name inMemoryUserDetailsManager
2025-08-01T12:43:08.138+09:00  INFO 43919 --- [dogmeeting] [           main] o.s.m.s.b.SimpleBrokerMessageHandler     : Starting...
2025-08-01T12:43:08.138+09:00  INFO 43919 --- [dogmeeting] [           main] o.s.m.s.b.SimpleBrokerMessageHandler     : BrokerAvailabilityEvent[available=true, SimpleBrokerMessageHandler [org.springframework.messaging.simp.broker.DefaultSubscriptionRegistry@77e55368]]
2025-08-01T12:43:08.138+09:00  INFO 43919 --- [dogmeeting] [           main] o.s.m.s.b.SimpleBrokerMessageHandler     : Started.
2025-08-01T12:43:08.152+09:00  INFO 43919 --- [dogmeeting] [           main] o.s.b.w.embedded.tomcat.TomcatWebServer  : Tomcat started on port 8080 (http) with context path '/'
2025-08-01T12:43:08.158+09:00  INFO 43919 --- [dogmeeting] [           main] c.e.dogmeeting.DogmeetingApplication     : Started DogmeetingApplication in 3.343 seconds (process running for 3.541)
2025-08-01T12:43:24.709+09:00  INFO 43919 --- [dogmeeting] [nio-8080-exec-1] o.a.c.c.C.[Tomcat].[localhost].[/]       : Initializing Spring DispatcherServlet 'dispatcherServlet'
2025-08-01T12:43:24.709+09:00  INFO 43919 --- [dogmeeting] [nio-8080-exec-1] o.s.web.servlet.DispatcherServlet        : Initializing Servlet 'dispatcherServlet'
2025-08-01T12:43:24.718+09:00  INFO 43919 --- [dogmeeting] [nio-8080-exec-1] o.s.web.servlet.DispatcherServlet        : Completed initialization in 8 ms
2025-08-01T12:44:08.165+09:00  INFO 43919 --- [dogmeeting] [MessageBroker-1] o.s.w.s.c.WebSocketMessageBrokerStats    : WebSocketSession[0 current WS(0)-HttpStream(0)-HttpPoll(0), 0 total, 0 closed abnormally (0 connect failure, 0 send limit, 0 transport error)], stompSubProtocol[processed CONNECT(0)-CONNECTED(0)-DISCONNECT(0)], stompBrokerRelay[null], inboundChannel[pool size = 0, active threads = 0, queued tasks = 0, completed tasks = 0], outboundChannel[pool size = 0, active threads = 0, queued tasks = 0, completed tasks = 0], sockJsScheduler[pool size = 1, active threads = 1, queued tasks = 0, completed tasks = 0]
