> Task :compileJava UP-TO-DATE
> Task :processResources UP-TO-DATE
> Task :classes UP-TO-DATE
> Task :resolveMainClassName UP-TO-DATE

> Task :bootRun

  .   ____          _            __ _ _
 /\\ / ___'_ __ _ _(_)_ __  __ _ \ \ \ \
( ( )\___ | '_ | '_| | '_ \/ _` | \ \ \ \
 \\/  ___)| |_)| | | | | || (_| |  ) ) ) )
  '  |____| .__|_| |_|_| |_\__, | / / / /
 =========|_|==============|___/=/_/_/_/

 :: Spring Boot ::                (v3.5.3)

2025-08-01T13:19:20.121+09:00  INFO 63372 --- [dogmeeting] [           main] c.e.dogmeeting.DogmeetingApplication     : Starting DogmeetingApplication using Java 21 with PID 63372 (/Users/kang-hyunuk/Documents/GitHub/dogdate-pokssak-server/build/classes/java/main started by kang-hyunuk in /Users/kang-hyunuk/Documents/GitHub/dogdate-pokssak-server)
2025-08-01T13:19:20.122+09:00  INFO 63372 --- [dogmeeting] [           main] c.e.dogmeeting.DogmeetingApplication     : No active profile set, falling back to 1 default profile: "default"
2025-08-01T13:19:20.468+09:00  INFO 63372 --- [dogmeeting] [           main] .s.d.r.c.RepositoryConfigurationDelegate : Bootstrapping Spring Data JPA repositories in DEFAULT mode.
2025-08-01T13:19:20.505+09:00  INFO 63372 --- [dogmeeting] [           main] .s.d.r.c.RepositoryConfigurationDelegate : Finished Spring Data repository scanning in 33 ms. Found 8 JPA repository interfaces.
2025-08-01T13:19:20.757+09:00  INFO 63372 --- [dogmeeting] [           main] o.s.b.w.embedded.tomcat.TomcatWebServer  : Tomcat initialized with port 8080 (http)
2025-08-01T13:19:20.766+09:00  INFO 63372 --- [dogmeeting] [           main] o.apache.catalina.core.StandardService   : Starting service [Tomcat]
2025-08-01T13:19:20.766+09:00  INFO 63372 --- [dogmeeting] [           main] o.apache.catalina.core.StandardEngine    : Starting Servlet engine: [Apache Tomcat/10.1.42]
2025-08-01T13:19:20.792+09:00  INFO 63372 --- [dogmeeting] [           main] o.a.c.c.C.[Tomcat].[localhost].[/]       : Initializing Spring embedded WebApplicationContext
2025-08-01T13:19:20.792+09:00  INFO 63372 --- [dogmeeting] [           main] w.s.c.ServletWebServerApplicationContext : Root WebApplicationContext: initialization completed in 651 ms
2025-08-01T13:19:20.864+09:00  INFO 63372 --- [dogmeeting] [           main] o.hibernate.jpa.internal.util.LogHelper  : HHH000204: Processing PersistenceUnitInfo [name: default]
2025-08-01T13:19:20.895+09:00  INFO 63372 --- [dogmeeting] [           main] org.hibernate.Version                    : HHH000412: Hibernate ORM core version 6.6.18.Final
2025-08-01T13:19:20.911+09:00  INFO 63372 --- [dogmeeting] [           main] o.h.c.internal.RegionFactoryInitiator    : HHH000026: Second-level cache disabled
2025-08-01T13:19:21.046+09:00  INFO 63372 --- [dogmeeting] [           main] o.s.o.j.p.SpringPersistenceUnitInfo      : No LoadTimeWeaver setup: ignoring JPA class transformer
2025-08-01T13:19:21.064+09:00  INFO 63372 --- [dogmeeting] [           main] com.zaxxer.hikari.HikariDataSource       : HikariPool-1 - Starting...
2025-08-01T13:19:21.191+09:00  INFO 63372 --- [dogmeeting] [           main] com.zaxxer.hikari.pool.HikariPool        : HikariPool-1 - Added connection com.mysql.cj.jdbc.ConnectionImpl@6c66ddab
2025-08-01T13:19:21.192+09:00  INFO 63372 --- [dogmeeting] [           main] com.zaxxer.hikari.HikariDataSource       : HikariPool-1 - Start completed.
2025-08-01T13:19:21.243+09:00  INFO 63372 --- [dogmeeting] [           main] org.hibernate.orm.connections.pooling    : HHH10001005: Database info:
	Database JDBC URL [Connecting through datasource 'HikariDataSource (HikariPool-1)']
	Database driver: undefined/unknown
	Database version: 9.3
	Autocommit mode: undefined/unknown
	Isolation level: undefined/unknown
	Minimum pool size: undefined/unknown
	Maximum pool size: undefined/unknown
2025-08-01T13:19:21.780+09:00  INFO 63372 --- [dogmeeting] [           main] o.h.e.t.j.p.i.JtaPlatformInitiator       : HHH000489: No JTA platform available (set 'hibernate.transaction.jta.platform' to enable JTA platform integration)
2025-08-01T13:19:21.893+09:00  INFO 63372 --- [dogmeeting] [           main] j.LocalContainerEntityManagerFactoryBean : Initialized JPA EntityManagerFactory for persistence unit 'default'
2025-08-01T13:19:22.079+09:00  INFO 63372 --- [dogmeeting] [           main] o.s.d.j.r.query.QueryEnhancerFactory     : Hibernate is in classpath; If applicable, HQL parser will be used.
2025-08-01T13:19:22.877+09:00  WARN 63372 --- [dogmeeting] [           main] JpaBaseConfiguration$JpaWebConfiguration : spring.jpa.open-in-view is enabled by default. Therefore, database queries may be performed during view rendering. Explicitly configure spring.jpa.open-in-view to disable this warning
2025-08-01T13:19:22.972+09:00  WARN 63372 --- [dogmeeting] [           main] .s.s.UserDetailsServiceAutoConfiguration : 

Using generated security password: c586f221-dc59-47f5-945a-ba5965f86fa8

This generated password is for development use only. Your security configuration must be updated before running your application in production.

2025-08-01T13:19:22.976+09:00  INFO 63372 --- [dogmeeting] [           main] r$InitializeUserDetailsManagerConfigurer : Global AuthenticationManager configured with UserDetailsService bean with name inMemoryUserDetailsManager
2025-08-01T13:19:23.141+09:00  INFO 63372 --- [dogmeeting] [           main] o.s.m.s.b.SimpleBrokerMessageHandler     : Starting...
2025-08-01T13:19:23.141+09:00  INFO 63372 --- [dogmeeting] [           main] o.s.m.s.b.SimpleBrokerMessageHandler     : BrokerAvailabilityEvent[available=true, SimpleBrokerMessageHandler [org.springframework.messaging.simp.broker.DefaultSubscriptionRegistry@39cdbc4e]]
2025-08-01T13:19:23.141+09:00  INFO 63372 --- [dogmeeting] [           main] o.s.m.s.b.SimpleBrokerMessageHandler     : Started.
2025-08-01T13:19:23.149+09:00  INFO 63372 --- [dogmeeting] [           main] o.s.b.w.embedded.tomcat.TomcatWebServer  : Tomcat started on port 8080 (http) with context path '/'
2025-08-01T13:19:23.154+09:00  INFO 63372 --- [dogmeeting] [           main] c.e.dogmeeting.DogmeetingApplication     : Started DogmeetingApplication in 3.228 seconds (process running for 3.406)
2025-08-01T13:19:46.236+09:00  INFO 63372 --- [dogmeeting] [nio-8080-exec-1] o.a.c.c.C.[Tomcat].[localhost].[/]       : Initializing Spring DispatcherServlet 'dispatcherServlet'
2025-08-01T13:19:46.236+09:00  INFO 63372 --- [dogmeeting] [nio-8080-exec-1] o.s.web.servlet.DispatcherServlet        : Initializing Servlet 'dispatcherServlet'
2025-08-01T13:19:46.245+09:00  INFO 63372 --- [dogmeeting] [nio-8080-exec-1] o.s.web.servlet.DispatcherServlet        : Completed initialization in 9 ms
2025-08-01T13:20:23.165+09:00  INFO 63372 --- [dogmeeting] [MessageBroker-1] o.s.w.s.c.WebSocketMessageBrokerStats    : WebSocketSession[0 current WS(0)-HttpStream(0)-HttpPoll(0), 0 total, 0 closed abnormally (0 connect failure, 0 send limit, 0 transport error)], stompSubProtocol[processed CONNECT(0)-CONNECTED(0)-DISCONNECT(0)], stompBrokerRelay[null], inboundChannel[pool size = 0, active threads = 0, queued tasks = 0, completed tasks = 0], outboundChannel[pool size = 0, active threads = 0, queued tasks = 0, completed tasks = 0], sockJsScheduler[pool size = 1, active threads = 1, queued tasks = 0, completed tasks = 0]
Hibernate: select u1_0.user_id,u1_0.city,u1_0.created_at,u1_0.district,u1_0.gender,u1_0.nickname,u1_0.password,u1_0.login_id from users u1_0 where u1_0.user_id=?
Hibernate: select cr1_0.chatroom_id,cr1_0.created_at,cr1_0.match_id from chat_rooms cr1_0 where cr1_0.chatroom_id=?
Hibernate: insert into chat_messages (chatroom_id,content,is_read,sender_id,sent_at) values (?,?,?,?,?)
2025-08-01T13:23:22.236+09:00  INFO 63372 --- [dogmeeting] [boundChannel-19] c.e.d.controller.ChatController          : 메시지 전송 완료 - 채팅방: 1, 발신자: 채팅테스터456, 내용: 브라우저에서 보낸 테스트 메시지!
2025-08-01T14:04:56.879+09:00  WARN 63372 --- [dogmeeting] [l-1:housekeeper] com.zaxxer.hikari.pool.HikariPool        : HikariPool-1 - Thread starvation or clock leap detected (housekeeper delta=37m5s503ms).
2025-08-01T15:10:01.516+09:00  WARN 63372 --- [dogmeeting] [l-1:housekeeper] com.zaxxer.hikari.pool.HikariPool        : HikariPool-1 - Thread starvation or clock leap detected (housekeeper delta=1h5m4s641ms).
2025-08-01T16:17:58.521+09:00  WARN 63372 --- [dogmeeting] [l-1:housekeeper] com.zaxxer.hikari.pool.HikariPool        : HikariPool-1 - Thread starvation or clock leap detected (housekeeper delta=1h7m57s6ms).
2025-08-01T17:30:55.268+09:00  WARN 63372 --- [dogmeeting] [l-1:housekeeper] com.zaxxer.hikari.pool.HikariPool        : HikariPool-1 - Thread starvation or clock leap detected (housekeeper delta=1h12m56s747ms).
2025-08-01T18:31:51.069+09:00  WARN 63372 --- [dogmeeting] [l-1:housekeeper] com.zaxxer.hikari.pool.HikariPool        : HikariPool-1 - Thread starvation or clock leap detected (housekeeper delta=1h55s793ms).
2025-08-01T19:22:06.963+09:00  WARN 63372 --- [dogmeeting] [l-1:housekeeper] com.zaxxer.hikari.pool.HikariPool        : HikariPool-1 - Thread starvation or clock leap detected (housekeeper delta=50m15s901ms).
2025-08-01T20:21:33.355+09:00  WARN 63372 --- [dogmeeting] [l-1:housekeeper] com.zaxxer.hikari.pool.HikariPool        : HikariPool-1 - Thread starvation or clock leap detected (housekeeper delta=59m26s392ms).
2025-08-01T20:59:16.201+09:00  WARN 63372 --- [dogmeeting] [l-1:housekeeper] com.zaxxer.hikari.pool.HikariPool        : HikariPool-1 - Thread starvation or clock leap detected (housekeeper delta=37m42s846ms).
2025-08-01T21:51:14.609+09:00  WARN 63372 --- [dogmeeting] [l-1:housekeeper] com.zaxxer.hikari.pool.HikariPool        : HikariPool-1 - Thread starvation or clock leap detected (housekeeper delta=51m58s408ms).
2025-08-01T22:25:19.835+09:00  WARN 63372 --- [dogmeeting] [l-1:housekeeper] com.zaxxer.hikari.pool.HikariPool        : HikariPool-1 - Thread starvation or clock leap detected (housekeeper delta=34m5s226ms).
